Build started 04/11/2019 12:46:38 PM.
     1>Project "C:\Users\Samar\OneDrive\Documents\Visual Studio 2010\Projects\Hw4\Hw4\Hw4.vcxproj" on node 2 (build target(s)).
     1>InitializeBuildStatus:
         Touching "Debug\Hw4.unsuccessfulbuild".
       ClCompile:
         E:\New Folder\VC\bin\CL.exe /c /ZI /nologo /W3 /WX- /Od /Oy- /D WIN32 /D _DEBUG /D _CONSOLE /D _UNICODE /D UNICODE /Gm /EHsc /RTC1 /MDd /GS /fp:precise /Zc:wchar_t /Zc:forScope /Fo"Debug\\" /Fd"Debug\vc100.pdb" /Gd /TP /analyze- /errorReport:prompt Teleword.cpp
         Teleword.cpp
     1>c:\users\samar\onedrive\documents\visual studio 2010\projects\hw4\hw4\teleword.cpp(151): warning C4258: 'j' : definition from the for loop is ignored; the definition from the enclosing scope is used
                 c:\users\samar\onedrive\documents\visual studio 2010\projects\hw4\hw4\teleword.cpp(142) : definition of 'j' ignored
                 c:\users\samar\onedrive\documents\visual studio 2010\projects\hw4\hw4\teleword.cpp(131) : definition of 'j' used
     1>c:\users\samar\onedrive\documents\visual studio 2010\projects\hw4\hw4\teleword.cpp(321): warning C4258: 'j' : definition from the for loop is ignored; the definition from the enclosing scope is used
                 c:\users\samar\onedrive\documents\visual studio 2010\projects\hw4\hw4\teleword.cpp(312) : definition of 'j' ignored
                 c:\users\samar\onedrive\documents\visual studio 2010\projects\hw4\hw4\teleword.cpp(302) : definition of 'j' used
     1>c:\users\samar\onedrive\documents\visual studio 2010\projects\hw4\hw4\teleword.cpp(383): warning C4258: 'j' : definition from the for loop is ignored; the definition from the enclosing scope is used
                 c:\users\samar\onedrive\documents\visual studio 2010\projects\hw4\hw4\teleword.cpp(375) : definition of 'j' ignored
                 c:\users\samar\onedrive\documents\visual studio 2010\projects\hw4\hw4\teleword.cpp(363) : definition of 'j' used
     1>c:\users\samar\onedrive\documents\visual studio 2010\projects\hw4\hw4\teleword.cpp(444): warning C4258: 'j' : definition from the for loop is ignored; the definition from the enclosing scope is used
                 c:\users\samar\onedrive\documents\visual studio 2010\projects\hw4\hw4\teleword.cpp(436) : definition of 'j' ignored
                 c:\users\samar\onedrive\documents\visual studio 2010\projects\hw4\hw4\teleword.cpp(424) : definition of 'j' used
     1>c:\users\samar\onedrive\documents\visual studio 2010\projects\hw4\hw4\teleword.cpp(687): warning C4996: 'getch': The POSIX name for this item is deprecated. Instead, use the ISO C++ conformant name: _getch. See online help for details.
                 e:\new folder\vc\include\conio.h(128) : see declaration of 'getch'
     1>c:\users\samar\onedrive\documents\visual studio 2010\projects\hw4\hw4\teleword.cpp(671): warning C4101: 'ch2' : unreferenced local variable
       ManifestResourceCompile:
         All outputs are up-to-date.
       Link:
         E:\New Folder\VC\bin\link.exe /ERRORREPORT:PROMPT /OUT:"C:\Users\Samar\OneDrive\Documents\Visual Studio 2010\Projects\Hw4\Debug\Hw4.exe" /INCREMENTAL /NOLOGO kernel32.lib user32.lib gdi32.lib winspool.lib comdlg32.lib advapi32.lib shell32.lib ole32.lib oleaut32.lib uuid.lib odbc32.lib odbccp32.lib /MANIFEST /ManifestFile:"Debug\Hw4.exe.intermediate.manifest" /MANIFESTUAC:"level='asInvoker' uiAccess='false'" /DEBUG /PDB:"C:\Users\Samar\OneDrive\Documents\Visual Studio 2010\Projects\Hw4\Debug\Hw4.pdb" /SUBSYSTEM:CONSOLE /TLBID:1 /DYNAMICBASE /NXCOMPAT /IMPLIB:"C:\Users\Samar\OneDrive\Documents\Visual Studio 2010\Projects\Hw4\Debug\Hw4.lib" /MACHINE:X86 Debug\Hw4.exe.embed.manifest.res
         Debug\Teleword.obj
       Manifest:
         C:\Program Files (x86)\Microsoft SDKs\Windows\v7.0A\bin\mt.exe /nologo /verbose /out:"Debug\Hw4.exe.embed.manifest" /manifest Debug\Hw4.exe.intermediate.manifest
         All outputs are up-to-date.
       LinkEmbedManifest:
         All outputs are up-to-date.
         Hw4.vcxproj -> C:\Users\Samar\OneDrive\Documents\Visual Studio 2010\Projects\Hw4\Debug\Hw4.exe
       FinalizeBuildStatus:
         Deleting file "Debug\Hw4.unsuccessfulbuild".
         Touching "Debug\Hw4.lastbuildstate".
     1>Done Building Project "C:\Users\Samar\OneDrive\Documents\Visual Studio 2010\Projects\Hw4\Hw4\Hw4.vcxproj" (build target(s)).

Build succeeded.

Time Elapsed 00:00:02.58
